2013/11/15 01:38:27 [error] [exception.CHttpException.404] exception 'CHttpException' with message 'Unable to resolve the request "page/create".' in C:\wamp\www\yii\framework\web\CWebApplication.php:286
Stack trace:
#0 C:\wamp\www\yii\framework\web\CWebApplication.php(141): CWebApplication->runController('page/create')
#1 C:\wamp\www\yii\framework\base\CApplication.php(180): CWebApplication->processRequest()
#2 C:\wamp\www\Demo_001\index.php(13): CApplication->run()
#3 {main}
REQUEST_URI=/Demo_001/index.php?r=page/create
HTTP_REFERER=http://localhost/Demo_001/index.php?r=site/index
---
2013/11/15 01:38:32 [error] [exception.CHttpException.404] exception 'CHttpException' with message 'Unable to resolve the request "page/create".' in C:\wamp\www\yii\framework\web\CWebApplication.php:286
Stack trace:
#0 C:\wamp\www\yii\framework\web\CWebApplication.php(141): CWebApplication->runController('page/create')
#1 C:\wamp\www\yii\framework\base\CApplication.php(180): CWebApplication->processRequest()
#2 C:\wamp\www\Demo_001\index.php(13): CApplication->run()
#3 {main}
REQUEST_URI=/Demo_001/index.php?r=page/create
HTTP_REFERER=http://localhost/Demo_001/index.php?r=page/create
---
2013/11/15 01:39:52 [error] [exception.CHttpException.404] exception 'CHttpException' with message 'Unable to resolve the request "page/create".' in C:\wamp\www\yii\framework\web\CWebApplication.php:286
Stack trace:
#0 C:\wamp\www\yii\framework\web\CWebApplication.php(141): CWebApplication->runController('page/create')
#1 C:\wamp\www\yii\framework\base\CApplication.php(180): CWebApplication->processRequest()
#2 C:\wamp\www\Demo_001\index.php(13): CApplication->run()
#3 {main}
REQUEST_URI=/Demo_001/index.php?r=page/create
HTTP_REFERER=http://localhost/Demo_001/index.php?r=site/contact
---
2013/11/15 01:39:57 [error] [exception.CHttpException.404] exception 'CHttpException' with message 'Unable to resolve the request "page/create".' in C:\wamp\www\yii\framework\web\CWebApplication.php:286
Stack trace:
#0 C:\wamp\www\yii\framework\web\CWebApplication.php(141): CWebApplication->runController('page/create')
#1 C:\wamp\www\yii\framework\base\CApplication.php(180): CWebApplication->processRequest()
#2 C:\wamp\www\Demo_001\index.php(13): CApplication->run()
#3 {main}
REQUEST_URI=/Demo_001/index.php?r=page/create
HTTP_REFERER=http://localhost/Demo_001/index.php?r=page/create
---
2013/11/15 01:40:45 [error] [exception.CHttpException.404] exception 'CHttpException' with message 'Unable to resolve the request "page/create".' in C:\wamp\www\yii\framework\web\CWebApplication.php:286
Stack trace:
#0 C:\wamp\www\yii\framework\web\CWebApplication.php(141): CWebApplication->runController('page/create')
#1 C:\wamp\www\yii\framework\base\CApplication.php(180): CWebApplication->processRequest()
#2 C:\wamp\www\Demo_001\index.php(13): CApplication->run()
#3 {main}
REQUEST_URI=/Demo_001/index.php?r=page/create
HTTP_REFERER=http://localhost/Demo_001/index.php?r=page/create
---
2013/11/15 01:40:46 [error] [exception.CHttpException.404] exception 'CHttpException' with message 'Unable to resolve the request "page/create".' in C:\wamp\www\yii\framework\web\CWebApplication.php:286
Stack trace:
#0 C:\wamp\www\yii\framework\web\CWebApplication.php(141): CWebApplication->runController('page/create')
#1 C:\wamp\www\yii\framework\base\CApplication.php(180): CWebApplication->processRequest()
#2 C:\wamp\www\Demo_001\index.php(13): CApplication->run()
#3 {main}
REQUEST_URI=/Demo_001/index.php?r=page/create
HTTP_REFERER=http://localhost/Demo_001/index.php?r=page/create
---
2013/11/15 01:40:47 [error] [exception.CHttpException.404] exception 'CHttpException' with message 'Unable to resolve the request "pagemanagement/create".' in C:\wamp\www\yii\framework\web\CWebApplication.php:286
Stack trace:
#0 C:\wamp\www\yii\framework\web\CWebApplication.php(141): CWebApplication->runController('pagemanagement/...')
#1 C:\wamp\www\yii\framework\base\CApplication.php(180): CWebApplication->processRequest()
#2 C:\wamp\www\Demo_001\index.php(13): CApplication->run()
#3 {main}
REQUEST_URI=/Demo_001/index.php?r=pagemanagement/create
HTTP_REFERER=http://localhost/Demo_001/index.php?r=page/create
---
2013/11/15 01:40:49 [error] [exception.CHttpException.404] exception 'CHttpException' with message 'Unable to resolve the request "pagemanagement/create".' in C:\wamp\www\yii\framework\web\CWebApplication.php:286
Stack trace:
#0 C:\wamp\www\yii\framework\web\CWebApplication.php(141): CWebApplication->runController('pagemanagement/...')
#1 C:\wamp\www\yii\framework\base\CApplication.php(180): CWebApplication->processRequest()
#2 C:\wamp\www\Demo_001\index.php(13): CApplication->run()
#3 {main}
REQUEST_URI=/Demo_001/index.php?r=pagemanagement/create
HTTP_REFERER=http://localhost/Demo_001/index.php?r=pagemanagement/create
---
2013/11/15 01:40:49 [error] [exception.CHttpException.404] exception 'CHttpException' with message 'Unable to resolve the request "pagemanagement/create".' in C:\wamp\www\yii\framework\web\CWebApplication.php:286
Stack trace:
#0 C:\wamp\www\yii\framework\web\CWebApplication.php(141): CWebApplication->runController('pagemanagement/...')
#1 C:\wamp\www\yii\framework\base\CApplication.php(180): CWebApplication->processRequest()
#2 C:\wamp\www\Demo_001\index.php(13): CApplication->run()
#3 {main}
REQUEST_URI=/Demo_001/index.php?r=pagemanagement/create
HTTP_REFERER=http://localhost/Demo_001/index.php?r=pagemanagement/create
---
2013/11/15 01:45:42 [error] [exception.CHttpException.404] exception 'CHttpException' with message 'Unable to resolve the request "pagemanagement/create".' in C:\wamp\www\yii\framework\web\CWebApplication.php:286
Stack trace:
#0 C:\wamp\www\yii\framework\web\CWebApplication.php(141): CWebApplication->runController('pagemanagement/...')
#1 C:\wamp\www\yii\framework\base\CApplication.php(180): CWebApplication->processRequest()
#2 C:\wamp\www\Demo_001\index.php(13): CApplication->run()
#3 {main}
REQUEST_URI=/Demo_001/index.php?r=pagemanagement/create
HTTP_REFERER=http://localhost/Demo_001/index.php?r=site/contact
---
2013/11/15 01:46:00 [error] [exception.CHttpException.404] exception 'CHttpException' with message 'Unable to resolve the request "pagemanagement/create".' in C:\wamp\www\yii\framework\web\CWebApplication.php:286
Stack trace:
#0 C:\wamp\www\yii\framework\web\CWebApplication.php(141): CWebApplication->runController('pagemanagement/...')
#1 C:\wamp\www\yii\framework\base\CApplication.php(180): CWebApplication->processRequest()
#2 C:\wamp\www\Demo_001\index.php(13): CApplication->run()
#3 {main}
REQUEST_URI=/Demo_001/index.php?r=pagemanagement/create
HTTP_REFERER=http://localhost/Demo_001/index.php?r=site/contact
---
2013/11/15 02:07:33 [error] [exception.CHttpException.404] exception 'CHttpException' with message 'Unable to resolve the request "pagemanagement/create".' in C:\wamp\www\yii\framework\web\CWebApplication.php:286
Stack trace:
#0 C:\wamp\www\yii\framework\web\CWebApplication.php(141): CWebApplication->runController('pagemanagement/...')
#1 C:\wamp\www\yii\framework\base\CApplication.php(180): CWebApplication->processRequest()
#2 C:\wamp\www\Demo_001\index.php(13): CApplication->run()
#3 {main}
REQUEST_URI=/Demo_001/index.php?r=pagemanagement/create
HTTP_REFERER=http://localhost/Demo_001/index.php?r=site/contact
---
2013/11/15 02:07:33 [error] [exception.CHttpException.404] exception 'CHttpException' with message 'Unable to resolve the request "pagemanagement/create".' in C:\wamp\www\yii\framework\web\CWebApplication.php:286
Stack trace:
#0 C:\wamp\www\yii\framework\web\CWebApplication.php(141): CWebApplication->runController('pagemanagement/...')
#1 C:\wamp\www\yii\framework\base\CApplication.php(180): CWebApplication->processRequest()
#2 C:\wamp\www\Demo_001\index.php(13): CApplication->run()
#3 {main}
REQUEST_URI=/Demo_001/index.php?r=pagemanagement/create
HTTP_REFERER=http://localhost/Demo_001/index.php?r=site/contact
---
2013/11/15 02:07:34 [error] [exception.CHttpException.404] exception 'CHttpException' with message 'Unable to resolve the request "pagemanagement/create".' in C:\wamp\www\yii\framework\web\CWebApplication.php:286
Stack trace:
#0 C:\wamp\www\yii\framework\web\CWebApplication.php(141): CWebApplication->runController('pagemanagement/...')
#1 C:\wamp\www\yii\framework\base\CApplication.php(180): CWebApplication->processRequest()
#2 C:\wamp\www\Demo_001\index.php(13): CApplication->run()
#3 {main}
REQUEST_URI=/Demo_001/index.php?r=pagemanagement/create
HTTP_REFERER=http://localhost/Demo_001/index.php?r=pagemanagement/create
---
2013/11/15 02:07:43 [error] [exception.CHttpException.404] exception 'CHttpException' with message 'Unable to resolve the request "pagemanagement/create".' in C:\wamp\www\yii\framework\web\CWebApplication.php:286
Stack trace:
#0 C:\wamp\www\yii\framework\web\CWebApplication.php(141): CWebApplication->runController('pagemanagement/...')
#1 C:\wamp\www\yii\framework\base\CApplication.php(180): CWebApplication->processRequest()
#2 C:\wamp\www\Demo_001\index.php(13): CApplication->run()
#3 {main}
REQUEST_URI=/Demo_001/index.php?r=pagemanagement/create
HTTP_REFERER=http://localhost/Demo_001/index.php?r=site/contact
---
2013/11/15 02:08:54 [error] [exception.CHttpException.404] exception 'CHttpException' with message 'Unable to resolve the request "pagemanagement/create".' in C:\wamp\www\yii\framework\web\CWebApplication.php:286
Stack trace:
#0 C:\wamp\www\yii\framework\web\CWebApplication.php(141): CWebApplication->runController('pagemanagement/...')
#1 C:\wamp\www\yii\framework\base\CApplication.php(180): CWebApplication->processRequest()
#2 C:\wamp\www\Demo_001\index.php(13): CApplication->run()
#3 {main}
REQUEST_URI=/Demo_001/index.php?r=pagemanagement/create
HTTP_REFERER=http://localhost/Demo_001/index.php?r=site/contact
---
2013/11/15 02:08:55 [error] [exception.CHttpException.404] exception 'CHttpException' with message 'The system is unable to find the requested action "create".' in C:\wamp\www\yii\framework\web\CController.php:483
Stack trace:
#0 C:\wamp\www\yii\framework\web\CController.php(270): CController->missingAction('create')
#1 C:\wamp\www\yii\framework\web\CWebApplication.php(282): CController->run('create')
#2 C:\wamp\www\yii\framework\web\CWebApplication.php(141): CWebApplication->runController('site/create')
#3 C:\wamp\www\yii\framework\base\CApplication.php(180): CWebApplication->processRequest()
#4 C:\wamp\www\Demo_001\index.php(13): CApplication->run()
#5 {main}
REQUEST_URI=/Demo_001/index.php?r=site/create
HTTP_REFERER=http://localhost/Demo_001/index.php?r=pagemanagement/create
---
2013/11/15 02:08:57 [error] [exception.CHttpException.404] exception 'CHttpException' with message 'The system is unable to find the requested action "create".' in C:\wamp\www\yii\framework\web\CController.php:483
Stack trace:
#0 C:\wamp\www\yii\framework\web\CController.php(270): CController->missingAction('create')
#1 C:\wamp\www\yii\framework\web\CWebApplication.php(282): CController->run('create')
#2 C:\wamp\www\yii\framework\web\CWebApplication.php(141): CWebApplication->runController('site/create')
#3 C:\wamp\www\yii\framework\base\CApplication.php(180): CWebApplication->processRequest()
#4 C:\wamp\www\Demo_001\index.php(13): CApplication->run()
#5 {main}
REQUEST_URI=/Demo_001/index.php?r=site/create
HTTP_REFERER=http://localhost/Demo_001/index.php?r=site/create
---
2013/11/15 02:08:58 [error] [exception.CHttpException.404] exception 'CHttpException' with message 'The system is unable to find the requested action "create".' in C:\wamp\www\yii\framework\web\CController.php:483
Stack trace:
#0 C:\wamp\www\yii\framework\web\CController.php(270): CController->missingAction('create')
#1 C:\wamp\www\yii\framework\web\CWebApplication.php(282): CController->run('create')
#2 C:\wamp\www\yii\framework\web\CWebApplication.php(141): CWebApplication->runController('site/create')
#3 C:\wamp\www\yii\framework\base\CApplication.php(180): CWebApplication->processRequest()
#4 C:\wamp\www\Demo_001\index.php(13): CApplication->run()
#5 {main}
REQUEST_URI=/Demo_001/index.php?r=site/create
HTTP_REFERER=http://localhost/Demo_001/index.php?r=site/create
---
2013/11/15 02:08:58 [error] [exception.CHttpException.404] exception 'CHttpException' with message 'The system is unable to find the requested action "create".' in C:\wamp\www\yii\framework\web\CController.php:483
Stack trace:
#0 C:\wamp\www\yii\framework\web\CController.php(270): CController->missingAction('create')
#1 C:\wamp\www\yii\framework\web\CWebApplication.php(282): CController->run('create')
#2 C:\wamp\www\yii\framework\web\CWebApplication.php(141): CWebApplication->runController('site/create')
#3 C:\wamp\www\yii\framework\base\CApplication.php(180): CWebApplication->processRequest()
#4 C:\wamp\www\Demo_001\index.php(13): CApplication->run()
#5 {main}
REQUEST_URI=/Demo_001/index.php?r=site/create
HTTP_REFERER=http://localhost/Demo_001/index.php?r=site/create
---
2013/11/15 02:10:04 [error] [exception.CHttpException.404] exception 'CHttpException' with message 'The system is unable to find the requested action "create".' in C:\wamp\www\yii\framework\web\CController.php:483
Stack trace:
#0 C:\wamp\www\yii\framework\web\CController.php(270): CController->missingAction('create')
#1 C:\wamp\www\yii\framework\web\CWebApplication.php(282): CController->run('create')
#2 C:\wamp\www\yii\framework\web\CWebApplication.php(141): CWebApplication->runController('site/create')
#3 C:\wamp\www\yii\framework\base\CApplication.php(180): CWebApplication->processRequest()
#4 C:\wamp\www\Demo_001\index.php(13): CApplication->run()
#5 {main}
REQUEST_URI=/Demo_001/index.php?r=site/create
HTTP_REFERER=http://localhost/Demo_001/index.php?r=site/create
---
2013/11/15 02:22:08 [error] [exception.CHttpException.404] exception 'CHttpException' with message 'The system is unable to find the requested action "create".' in C:\wamp\www\yii\framework\web\CController.php:483
Stack trace:
#0 C:\wamp\www\yii\framework\web\CController.php(270): CController->missingAction('create')
#1 C:\wamp\www\yii\framework\web\CWebApplication.php(282): CController->run('create')
#2 C:\wamp\www\yii\framework\web\CWebApplication.php(141): CWebApplication->runController('site/create')
#3 C:\wamp\www\yii\framework\base\CApplication.php(180): CWebApplication->processRequest()
#4 C:\wamp\www\Demo_001\index.php(13): CApplication->run()
#5 {main}
REQUEST_URI=/Demo_001/index.php?r=site/create
HTTP_REFERER=http://localhost/Demo_001/index.php?r=site/create
---
2013/11/15 02:22:08 [error] [exception.CHttpException.404] exception 'CHttpException' with message 'The system is unable to find the requested action "create".' in C:\wamp\www\yii\framework\web\CController.php:483
Stack trace:
#0 C:\wamp\www\yii\framework\web\CController.php(270): CController->missingAction('create')
#1 C:\wamp\www\yii\framework\web\CWebApplication.php(282): CController->run('create')
#2 C:\wamp\www\yii\framework\web\CWebApplication.php(141): CWebApplication->runController('site/create')
#3 C:\wamp\www\yii\framework\base\CApplication.php(180): CWebApplication->processRequest()
#4 C:\wamp\www\Demo_001\index.php(13): CApplication->run()
#5 {main}
REQUEST_URI=/Demo_001/index.php?r=site/create
HTTP_REFERER=http://localhost/Demo_001/index.php?r=site/create
---
2013/11/15 02:22:09 [error] [exception.CHttpException.404] exception 'CHttpException' with message 'The system is unable to find the requested action "create".' in C:\wamp\www\yii\framework\web\CController.php:483
Stack trace:
#0 C:\wamp\www\yii\framework\web\CController.php(270): CController->missingAction('create')
#1 C:\wamp\www\yii\framework\web\CWebApplication.php(282): CController->run('create')
#2 C:\wamp\www\yii\framework\web\CWebApplication.php(141): CWebApplication->runController('site/create')
#3 C:\wamp\www\yii\framework\base\CApplication.php(180): CWebApplication->processRequest()
#4 C:\wamp\www\Demo_001\index.php(13): CApplication->run()
#5 {main}
REQUEST_URI=/Demo_001/index.php?r=site/create
HTTP_REFERER=http://localhost/Demo_001/index.php?r=site/create
---
2013/11/15 02:22:11 [error] [exception.CException] exception 'CException' with message 'CActiveForm and its behaviors do not have a method or closure named "select".' in C:\wamp\www\yii\framework\base\CComponent.php:266
Stack trace:
#0 C:\wamp\www\Demo_001\protected\views\pagemanagement\create.php(49): CComponent->__call('select', Array)
#1 C:\wamp\www\Demo_001\protected\views\pagemanagement\create.php(49): CActiveForm->select(Object(CreateForm), 'status')
#2 C:\wamp\www\yii\framework\web\CBaseController.php(126): require('C:\wamp\www\Dem...')
#3 C:\wamp\www\yii\framework\web\CBaseController.php(95): CBaseController->renderInternal('C:\wamp\www\Dem...', Array, true)
#4 C:\wamp\www\yii\framework\web\CController.php(869): CBaseController->renderFile('C:\wamp\www\Dem...', Array, true)
#5 C:\wamp\www\yii\framework\web\CController.php(782): CController->renderPartial('create', Array, true)
#6 C:\wamp\www\Demo_001\protected\controllers\PagemanagementController.php(64): CController->render('create', Array)
#7 C:\wamp\www\yii\framework\web\actions\CInlineAction.php(49): PagemanagementController->actionCreate()
#8 C:\wamp\www\yii\framework\web\CController.php(308): CInlineAction->runWithParams(Array)
#9 C:\wamp\www\yii\framework\web\CController.php(286): CController->runAction(Object(CInlineAction))
#10 C:\wamp\www\yii\framework\web\CController.php(265): CController->runActionWithFilters(Object(CInlineAction), Array)
#11 C:\wamp\www\yii\framework\web\CWebApplication.php(282): CController->run('create')
#12 C:\wamp\www\yii\framework\web\CWebApplication.php(141): CWebApplication->runController('pagemanagement/...')
#13 C:\wamp\www\yii\framework\base\CApplication.php(180): CWebApplication->processRequest()
#14 C:\wamp\www\Demo_001\index.php(13): CApplication->run()
#15 {main}
REQUEST_URI=/Demo_001/index.php?r=pagemanagement/create
HTTP_REFERER=http://localhost/Demo_001/index.php?r=site/index
---
2013/11/15 02:25:34 [warning] [application] Failed to set unsafe attribute "content" of "CreateForm".
in C:\wamp\www\Demo_001\protected\controllers\PagemanagementController.php (57)
in C:\wamp\www\Demo_001\index.php (13)
2013/11/15 02:25:57 [warning] [application] Failed to set unsafe attribute "content" of "CreateForm".
in C:\wamp\www\Demo_001\protected\controllers\PagemanagementController.php (57)
in C:\wamp\www\Demo_001\index.php (13)
2013/11/15 02:26:02 [warning] [application] Failed to set unsafe attribute "content" of "CreateForm".
in C:\wamp\www\Demo_001\protected\controllers\PagemanagementController.php (57)
in C:\wamp\www\Demo_001\index.php (13)
2013/11/15 02:26:11 [warning] [application] Failed to set unsafe attribute "content" of "CreateForm".
in C:\wamp\www\Demo_001\protected\controllers\PagemanagementController.php (57)
in C:\wamp\www\Demo_001\index.php (13)
2013/11/15 02:39:20 [warning] [application] Failed to set unsafe attribute "content" of "CreateForm".
in C:\wamp\www\Demo_001\protected\controllers\PagemanagementController.php (57)
in C:\wamp\www\Demo_001\index.php (13)
2013/11/15 02:39:58 [warning] [application] Failed to set unsafe attribute "content" of "CreateForm".
in C:\wamp\www\Demo_001\protected\controllers\PagemanagementController.php (57)
in C:\wamp\www\Demo_001\index.php (13)
2013/11/15 02:40:10 [warning] [application] Failed to set unsafe attribute "content" of "CreateForm".
in C:\wamp\www\Demo_001\protected\controllers\PagemanagementController.php (57)
in C:\wamp\www\Demo_001\index.php (13)
2013/11/15 02:50:05 [warning] [application] Failed to set unsafe attribute "content" of "CreateForm".
in C:\wamp\www\Demo_001\protected\controllers\PagemanagementController.php (57)
in C:\wamp\www\Demo_001\index.php (13)
2013/11/15 02:50:12 [warning] [application] Failed to set unsafe attribute "content" of "CreateForm".
in C:\wamp\www\Demo_001\protected\controllers\PagemanagementController.php (57)
in C:\wamp\www\Demo_001\index.php (13)
2013/11/15 02:52:20 [warning] [application] Failed to set unsafe attribute "content" of "CreateForm".
in C:\wamp\www\Demo_001\protected\controllers\PagemanagementController.php (57)
in C:\wamp\www\Demo_001\index.php (13)
2013/11/15 02:52:25 [warning] [application] Failed to set unsafe attribute "content" of "CreateForm".
in C:\wamp\www\Demo_001\protected\controllers\PagemanagementController.php (57)
in C:\wamp\www\Demo_001\index.php (13)
2013/11/15 02:52:26 [warning] [application] Failed to set unsafe attribute "content" of "CreateForm".
in C:\wamp\www\Demo_001\protected\controllers\PagemanagementController.php (57)
in C:\wamp\www\Demo_001\index.php (13)
2013/11/15 03:10:32 [warning] [application] Failed to set unsafe attribute "content" of "CreateForm".
in C:\wamp\www\Demo_001\protected\controllers\PagemanagementController.php (57)
in C:\wamp\www\Demo_001\index.php (13)
2013/11/15 03:10:36 [warning] [application] Failed to set unsafe attribute "content" of "CreateForm".
in C:\wamp\www\Demo_001\protected\controllers\PagemanagementController.php (57)
in C:\wamp\www\Demo_001\index.php (13)
2013/11/15 03:10:38 [warning] [application] Failed to set unsafe attribute "content" of "CreateForm".
in C:\wamp\www\Demo_001\protected\controllers\PagemanagementController.php (57)
in C:\wamp\www\Demo_001\index.php (13)
2013/11/15 03:10:44 [warning] [application] Failed to set unsafe attribute "content" of "CreateForm".
in C:\wamp\www\Demo_001\protected\controllers\PagemanagementController.php (57)
in C:\wamp\www\Demo_001\index.php (13)
2013/11/15 03:11:52 [warning] [application] Failed to set unsafe attribute "content" of "CreateForm".
in C:\wamp\www\Demo_001\protected\controllers\PagemanagementController.php (57)
in C:\wamp\www\Demo_001\index.php (13)
2013/11/15 03:12:01 [warning] [application] Failed to set unsafe attribute "content" of "CreateForm".
in C:\wamp\www\Demo_001\protected\controllers\PagemanagementController.php (57)
in C:\wamp\www\Demo_001\index.php (13)
2013/11/15 03:12:01 [error] [exception.CException] exception 'CException' with message 'CreateForm and its behaviors do not have a method or closure named "save".' in C:\wamp\www\yii\framework\base\CComponent.php:266
Stack trace:
#0 C:\wamp\www\Demo_001\protected\controllers\PagemanagementController.php(58): CComponent->__call('save', Array)
#1 C:\wamp\www\Demo_001\protected\controllers\PagemanagementController.php(58): CreateForm->save()
#2 C:\wamp\www\yii\framework\web\actions\CInlineAction.php(49): PagemanagementController->actionCreate()
#3 C:\wamp\www\yii\framework\web\CController.php(308): CInlineAction->runWithParams(Array)
#4 C:\wamp\www\yii\framework\web\CController.php(286): CController->runAction(Object(CInlineAction))
#5 C:\wamp\www\yii\framework\web\CController.php(265): CController->runActionWithFilters(Object(CInlineAction), Array)
#6 C:\wamp\www\yii\framework\web\CWebApplication.php(282): CController->run('create')
#7 C:\wamp\www\yii\framework\web\CWebApplication.php(141): CWebApplication->runController('pagemanagement/...')
#8 C:\wamp\www\yii\framework\base\CApplication.php(180): CWebApplication->processRequest()
#9 C:\wamp\www\Demo_001\index.php(13): CApplication->run()
#10 {main}
REQUEST_URI=/Demo_001/index.php?r=pagemanagement/create
HTTP_REFERER=http://localhost/Demo_001/index.php?r=pagemanagement/create
---
2013/11/15 03:13:04 [warning] [application] Failed to set unsafe attribute "content" of "CreateForm".
in C:\wamp\www\Demo_001\protected\controllers\PagemanagementController.php (57)
in C:\wamp\www\Demo_001\index.php (13)
2013/11/15 03:13:04 [error] [exception.CException] exception 'CException' with message 'CreateForm and its behaviors do not have a method or closure named "save".' in C:\wamp\www\yii\framework\base\CComponent.php:266
Stack trace:
#0 C:\wamp\www\Demo_001\protected\controllers\PagemanagementController.php(58): CComponent->__call('save', Array)
#1 C:\wamp\www\Demo_001\protected\controllers\PagemanagementController.php(58): CreateForm->save()
#2 C:\wamp\www\yii\framework\web\actions\CInlineAction.php(49): PagemanagementController->actionCreate()
#3 C:\wamp\www\yii\framework\web\CController.php(308): CInlineAction->runWithParams(Array)
#4 C:\wamp\www\yii\framework\web\CController.php(286): CController->runAction(Object(CInlineAction))
#5 C:\wamp\www\yii\framework\web\CController.php(265): CController->runActionWithFilters(Object(CInlineAction), Array)
#6 C:\wamp\www\yii\framework\web\CWebApplication.php(282): CController->run('create')
#7 C:\wamp\www\yii\framework\web\CWebApplication.php(141): CWebApplication->runController('pagemanagement/...')
#8 C:\wamp\www\yii\framework\base\CApplication.php(180): CWebApplication->processRequest()
#9 C:\wamp\www\Demo_001\index.php(13): CApplication->run()
#10 {main}
REQUEST_URI=/Demo_001/index.php?r=pagemanagement/create
HTTP_REFERER=http://localhost/Demo_001/index.php?r=pagemanagement/create
---
2013/11/15 03:13:38 [warning] [application] Failed to set unsafe attribute "content" of "CreateForm".
in C:\wamp\www\Demo_001\protected\controllers\PagemanagementController.php (57)
in C:\wamp\www\Demo_001\index.php (13)
2013/11/15 03:13:48 [warning] [application] Failed to set unsafe attribute "content" of "CreateForm".
in C:\wamp\www\Demo_001\protected\controllers\PagemanagementController.php (57)
in C:\wamp\www\Demo_001\index.php (13)
2013/11/15 03:13:53 [warning] [application] Failed to set unsafe attribute "content" of "CreateForm".
in C:\wamp\www\Demo_001\protected\controllers\PagemanagementController.php (57)
in C:\wamp\www\Demo_001\index.php (13)
2013/11/15 03:14:30 [error] [php] mail(): Failed to connect to mailserver at &quot;localhost&quot; port 25, verify your &quot;SMTP&quot; and &quot;smtp_port&quot; setting in php.ini or use ini_set() (C:\wamp\www\Demo_001\protected\controllers\SiteController.php:67)
Stack trace:
#0 C:\wamp\www\yii\framework\web\CController.php(308): CInlineAction->runWithParams()
#1 C:\wamp\www\yii\framework\web\CController.php(286): SiteController->runAction()
#2 C:\wamp\www\yii\framework\web\CController.php(265): SiteController->runActionWithFilters()
#3 C:\wamp\www\yii\framework\web\CWebApplication.php(282): SiteController->run()
#4 C:\wamp\www\yii\framework\web\CWebApplication.php(141): CWebApplication->runController()
#5 C:\wamp\www\yii\framework\base\CApplication.php(180): CWebApplication->processRequest()
#6 C:\wamp\www\Demo_001\index.php(13): CWebApplication->run()
REQUEST_URI=/Demo_001/index.php?r=site/contact
in C:\wamp\www\Demo_001\protected\controllers\SiteController.php (67)
in C:\wamp\www\Demo_001\index.php (13)
2013/11/15 03:16:25 [warning] [application] Failed to set unsafe attribute "content" of "CreateForm".
in C:\wamp\www\Demo_001\protected\controllers\PagemanagementController.php (57)
in C:\wamp\www\Demo_001\index.php (13)
2013/11/15 03:16:56 [warning] [application] Failed to set unsafe attribute "content" of "CreateForm".
in C:\wamp\www\Demo_001\protected\controllers\PagemanagementController.php (57)
in C:\wamp\www\Demo_001\index.php (13)
2013/11/15 03:49:16 [error] [exception.CHttpException.404] exception 'CHttpException' with message 'Unable to resolve the request "gii".' in C:\wamp\www\yii\framework\web\CWebApplication.php:286
Stack trace:
#0 C:\wamp\www\yii\framework\web\CWebApplication.php(141): CWebApplication->runController('gii')
#1 C:\wamp\www\yii\framework\base\CApplication.php(180): CWebApplication->processRequest()
#2 C:\wamp\www\Demo_001\index.php(13): CApplication->run()
#3 {main}
REQUEST_URI=/demo_001/index.php?r=gii
---
2013/11/15 03:49:37 [error] [exception.CHttpException.404] exception 'CHttpException' with message 'Unable to resolve the request "gii".' in C:\wamp\www\yii\framework\web\CWebApplication.php:286
Stack trace:
#0 C:\wamp\www\yii\framework\web\CWebApplication.php(141): CWebApplication->runController('gii')
#1 C:\wamp\www\yii\framework\base\CApplication.php(180): CWebApplication->processRequest()
#2 C:\wamp\www\Demo_001\index.php(13): CApplication->run()
#3 {main}
REQUEST_URI=/Demo_001/index.php?r=gii
---
2013/11/15 06:54:22 [error] [exception.CException] exception 'CException' with message 'CreateForm and its behaviors do not have a method or closure named "getDbCriteria".' in C:\wamp\www\yii\framework\base\CComponent.php:266
Stack trace:
#0 C:\wamp\www\yii\framework\web\CActiveDataProvider.php(225): CComponent->__call('getDbCriteria', Array)
#1 C:\wamp\www\yii\framework\web\CActiveDataProvider.php(225): CreateForm->getDbCriteria(false)
#2 C:\wamp\www\yii\framework\web\CDataProvider.php(224): CActiveDataProvider->calculateTotalItemCount()
#3 C:\wamp\www\yii\framework\web\CActiveDataProvider.php(178): CDataProvider->getTotalItemCount()
#4 C:\wamp\www\yii\framework\web\CDataProvider.php(168): CActiveDataProvider->fetchData()
#5 C:\wamp\www\yii\framework\zii\widgets\CBaseListView.php(111): CDataProvider->getData()
#6 C:\wamp\www\yii\framework\zii\widgets\CListView.php(211): CBaseListView->init()
#7 C:\wamp\www\yii\framework\web\CBaseController.php(147): CListView->init()
#8 C:\wamp\www\yii\framework\web\CBaseController.php(172): CBaseController->createWidget('zii.widgets.CLi...', Array)
#9 C:\wamp\www\Demo_001\protected\views\pagemanagement\index.php(20): CBaseController->widget('zii.widgets.CLi...', Array)
#10 C:\wamp\www\yii\framework\web\CBaseController.php(126): require('C:\wamp\www\Dem...')
#11 C:\wamp\www\yii\framework\web\CBaseController.php(95): CBaseController->renderInternal('C:\wamp\www\Dem...', Array, true)
#12 C:\wamp\www\yii\framework\web\CController.php(869): CBaseController->renderFile('C:\wamp\www\Dem...', Array, true)
#13 C:\wamp\www\yii\framework\web\CController.php(782): CController->renderPartial('index', Array, true)
#14 C:\wamp\www\Demo_001\protected\controllers\PagemanagementController.php(128): CController->render('index', Array)
#15 C:\wamp\www\yii\framework\web\actions\CInlineAction.php(49): PagemanagementController->actionIndex()
#16 C:\wamp\www\yii\framework\web\CController.php(308): CInlineAction->runWithParams(Array)
#17 C:\wamp\www\yii\framework\web\filters\CFilterChain.php(133): CController->runAction(Object(CInlineAction))
#18 C:\wamp\www\yii\framework\web\filters\CFilter.php(40): CFilterChain->run()
#19 C:\wamp\www\yii\framework\web\CController.php(1145): CFilter->filter(Object(CFilterChain))
#20 C:\wamp\www\yii\framework\web\filters\CInlineFilter.php(58): CController->filterAccessControl(Object(CFilterChain))
#21 C:\wamp\www\yii\framework\web\filters\CFilterChain.php(130): CInlineFilter->filter(Object(CFilterChain))
#22 C:\wamp\www\yii\framework\web\CController.php(291): CFilterChain->run()
#23 C:\wamp\www\yii\framework\web\CController.php(265): CController->runActionWithFilters(Object(CInlineAction), Array)
#24 C:\wamp\www\yii\framework\web\CWebApplication.php(282): CController->run('')
#25 C:\wamp\www\yii\framework\web\CWebApplication.php(141): CWebApplication->runController('pagemanagement')
#26 C:\wamp\www\yii\framework\base\CApplication.php(180): CWebApplication->processRequest()
#27 C:\wamp\www\Demo_001\index.php(13): CApplication->run()
#28 {main}
REQUEST_URI=/Demo_001/index.php?r=pagemanagement
---
2013/11/15 06:55:39 [error] [exception.CException] exception 'CException' with message 'CreateForm and its behaviors do not have a method or closure named "getDbCriteria".' in C:\wamp\www\yii\framework\base\CComponent.php:266
Stack trace:
#0 C:\wamp\www\yii\framework\web\CActiveDataProvider.php(225): CComponent->__call('getDbCriteria', Array)
#1 C:\wamp\www\yii\framework\web\CActiveDataProvider.php(225): CreateForm->getDbCriteria(false)
#2 C:\wamp\www\yii\framework\web\CDataProvider.php(224): CActiveDataProvider->calculateTotalItemCount()
#3 C:\wamp\www\yii\framework\web\CActiveDataProvider.php(178): CDataProvider->getTotalItemCount()
#4 C:\wamp\www\yii\framework\web\CDataProvider.php(168): CActiveDataProvider->fetchData()
#5 C:\wamp\www\yii\framework\zii\widgets\CBaseListView.php(111): CDataProvider->getData()
#6 C:\wamp\www\yii\framework\zii\widgets\CListView.php(211): CBaseListView->init()
#7 C:\wamp\www\yii\framework\web\CBaseController.php(147): CListView->init()
#8 C:\wamp\www\yii\framework\web\CBaseController.php(172): CBaseController->createWidget('zii.widgets.CLi...', Array)
#9 C:\wamp\www\Demo_001\protected\views\pagemanagement\index.php(20): CBaseController->widget('zii.widgets.CLi...', Array)
#10 C:\wamp\www\yii\framework\web\CBaseController.php(126): require('C:\wamp\www\Dem...')
#11 C:\wamp\www\yii\framework\web\CBaseController.php(95): CBaseController->renderInternal('C:\wamp\www\Dem...', Array, true)
#12 C:\wamp\www\yii\framework\web\CController.php(869): CBaseController->renderFile('C:\wamp\www\Dem...', Array, true)
#13 C:\wamp\www\yii\framework\web\CController.php(782): CController->renderPartial('index', Array, true)
#14 C:\wamp\www\Demo_001\protected\controllers\PagemanagementController.php(128): CController->render('index', Array)
#15 C:\wamp\www\yii\framework\web\actions\CInlineAction.php(49): PagemanagementController->actionIndex()
#16 C:\wamp\www\yii\framework\web\CController.php(308): CInlineAction->runWithParams(Array)
#17 C:\wamp\www\yii\framework\web\filters\CFilterChain.php(133): CController->runAction(Object(CInlineAction))
#18 C:\wamp\www\yii\framework\web\filters\CFilter.php(40): CFilterChain->run()
#19 C:\wamp\www\yii\framework\web\CController.php(1145): CFilter->filter(Object(CFilterChain))
#20 C:\wamp\www\yii\framework\web\filters\CInlineFilter.php(58): CController->filterAccessControl(Object(CFilterChain))
#21 C:\wamp\www\yii\framework\web\filters\CFilterChain.php(130): CInlineFilter->filter(Object(CFilterChain))
#22 C:\wamp\www\yii\framework\web\CController.php(291): CFilterChain->run()
#23 C:\wamp\www\yii\framework\web\CController.php(265): CController->runActionWithFilters(Object(CInlineAction), Array)
#24 C:\wamp\www\yii\framework\web\CWebApplication.php(282): CController->run('index')
#25 C:\wamp\www\yii\framework\web\CWebApplication.php(141): CWebApplication->runController('pagemanagement/...')
#26 C:\wamp\www\yii\framework\base\CApplication.php(180): CWebApplication->processRequest()
#27 C:\wamp\www\Demo_001\index.php(13): CApplication->run()
#28 {main}
REQUEST_URI=/Demo_001/index.php?r=pagemanagement/index
HTTP_REFERER=http://localhost/Demo_001/index.php
---
2013/11/15 06:58:50 [error] [exception.CException] exception 'CException' with message 'CreateForm and its behaviors do not have a method or closure named "getDbCriteria".' in C:\wamp\www\yii\framework\base\CComponent.php:266
Stack trace:
#0 C:\wamp\www\yii\framework\web\CActiveDataProvider.php(225): CComponent->__call('getDbCriteria', Array)
#1 C:\wamp\www\yii\framework\web\CActiveDataProvider.php(225): CreateForm->getDbCriteria(false)
#2 C:\wamp\www\yii\framework\web\CDataProvider.php(224): CActiveDataProvider->calculateTotalItemCount()
#3 C:\wamp\www\yii\framework\web\CActiveDataProvider.php(178): CDataProvider->getTotalItemCount()
#4 C:\wamp\www\yii\framework\web\CDataProvider.php(168): CActiveDataProvider->fetchData()
#5 C:\wamp\www\yii\framework\zii\widgets\CBaseListView.php(111): CDataProvider->getData()
#6 C:\wamp\www\yii\framework\zii\widgets\CListView.php(211): CBaseListView->init()
#7 C:\wamp\www\yii\framework\web\CBaseController.php(147): CListView->init()
#8 C:\wamp\www\yii\framework\web\CBaseController.php(172): CBaseController->createWidget('zii.widgets.CLi...', Array)
#9 C:\wamp\www\Demo_001\protected\views\pagemanagement\index.php(20): CBaseController->widget('zii.widgets.CLi...', Array)
#10 C:\wamp\www\yii\framework\web\CBaseController.php(126): require('C:\wamp\www\Dem...')
#11 C:\wamp\www\yii\framework\web\CBaseController.php(95): CBaseController->renderInternal('C:\wamp\www\Dem...', Array, true)
#12 C:\wamp\www\yii\framework\web\CController.php(869): CBaseController->renderFile('C:\wamp\www\Dem...', Array, true)
#13 C:\wamp\www\yii\framework\web\CController.php(782): CController->renderPartial('index', Array, true)
#14 C:\wamp\www\Demo_001\protected\controllers\PagemanagementController.php(130): CController->render('index', Array)
#15 C:\wamp\www\yii\framework\web\actions\CInlineAction.php(49): PagemanagementController->actionIndex()
#16 C:\wamp\www\yii\framework\web\CController.php(308): CInlineAction->runWithParams(Array)
#17 C:\wamp\www\yii\framework\web\filters\CFilterChain.php(133): CController->runAction(Object(CInlineAction))
#18 C:\wamp\www\yii\framework\web\filters\CFilter.php(40): CFilterChain->run()
#19 C:\wamp\www\yii\framework\web\CController.php(1145): CFilter->filter(Object(CFilterChain))
#20 C:\wamp\www\yii\framework\web\filters\CInlineFilter.php(58): CController->filterAccessControl(Object(CFilterChain))
#21 C:\wamp\www\yii\framework\web\filters\CFilterChain.php(130): CInlineFilter->filter(Object(CFilterChain))
#22 C:\wamp\www\yii\framework\web\CController.php(291): CFilterChain->run()
#23 C:\wamp\www\yii\framework\web\CController.php(265): CController->runActionWithFilters(Object(CInlineAction), Array)
#24 C:\wamp\www\yii\framework\web\CWebApplication.php(282): CController->run('index')
#25 C:\wamp\www\yii\framework\web\CWebApplication.php(141): CWebApplication->runController('pagemanagement/...')
#26 C:\wamp\www\yii\framework\base\CApplication.php(180): CWebApplication->processRequest()
#27 C:\wamp\www\Demo_001\index.php(13): CApplication->run()
#28 {main}
REQUEST_URI=/Demo_001/index.php?r=pagemanagement/index
HTTP_REFERER=http://localhost/Demo_001/index.php
---
2013/11/15 06:59:48 [error] [exception.CException] exception 'CException' with message 'CreateForm and its behaviors do not have a method or closure named "getDbCriteria".' in C:\wamp\www\yii\framework\base\CComponent.php:266
Stack trace:
#0 C:\wamp\www\yii\framework\web\CActiveDataProvider.php(225): CComponent->__call('getDbCriteria', Array)
#1 C:\wamp\www\yii\framework\web\CActiveDataProvider.php(225): CreateForm->getDbCriteria(false)
#2 C:\wamp\www\yii\framework\web\CDataProvider.php(224): CActiveDataProvider->calculateTotalItemCount()
#3 C:\wamp\www\yii\framework\web\CActiveDataProvider.php(178): CDataProvider->getTotalItemCount()
#4 C:\wamp\www\yii\framework\web\CDataProvider.php(168): CActiveDataProvider->fetchData()
#5 C:\wamp\www\yii\framework\zii\widgets\CBaseListView.php(111): CDataProvider->getData()
#6 C:\wamp\www\yii\framework\zii\widgets\CListView.php(211): CBaseListView->init()
#7 C:\wamp\www\yii\framework\web\CBaseController.php(147): CListView->init()
#8 C:\wamp\www\yii\framework\web\CBaseController.php(172): CBaseController->createWidget('zii.widgets.CLi...', Array)
#9 C:\wamp\www\Demo_001\protected\views\pagemanagement\index.php(20): CBaseController->widget('zii.widgets.CLi...', Array)
#10 C:\wamp\www\yii\framework\web\CBaseController.php(126): require('C:\wamp\www\Dem...')
#11 C:\wamp\www\yii\framework\web\CBaseController.php(95): CBaseController->renderInternal('C:\wamp\www\Dem...', Array, true)
#12 C:\wamp\www\yii\framework\web\CController.php(869): CBaseController->renderFile('C:\wamp\www\Dem...', Array, true)
#13 C:\wamp\www\yii\framework\web\CController.php(782): CController->renderPartial('index', Array, true)
#14 C:\wamp\www\Demo_001\protected\controllers\PagemanagementController.php(130): CController->render('index', Array)
#15 C:\wamp\www\yii\framework\web\actions\CInlineAction.php(49): PagemanagementController->actionIndex()
#16 C:\wamp\www\yii\framework\web\CController.php(308): CInlineAction->runWithParams(Array)
#17 C:\wamp\www\yii\framework\web\filters\CFilterChain.php(133): CController->runAction(Object(CInlineAction))
#18 C:\wamp\www\yii\framework\web\filters\CFilter.php(40): CFilterChain->run()
#19 C:\wamp\www\yii\framework\web\CController.php(1145): CFilter->filter(Object(CFilterChain))
#20 C:\wamp\www\yii\framework\web\filters\CInlineFilter.php(58): CController->filterAccessControl(Object(CFilterChain))
#21 C:\wamp\www\yii\framework\web\filters\CFilterChain.php(130): CInlineFilter->filter(Object(CFilterChain))
#22 C:\wamp\www\yii\framework\web\CController.php(291): CFilterChain->run()
#23 C:\wamp\www\yii\framework\web\CController.php(265): CController->runActionWithFilters(Object(CInlineAction), Array)
#24 C:\wamp\www\yii\framework\web\CWebApplication.php(282): CController->run('index')
#25 C:\wamp\www\yii\framework\web\CWebApplication.php(141): CWebApplication->runController('pagemanagement/...')
#26 C:\wamp\www\yii\framework\base\CApplication.php(180): CWebApplication->processRequest()
#27 C:\wamp\www\Demo_001\index.php(13): CApplication->run()
#28 {main}
REQUEST_URI=/Demo_001/index.php?r=pagemanagement/index
HTTP_REFERER=http://localhost/Demo_001/index.php
---
2013/11/15 07:03:23 [error] [exception.CException] exception 'CException' with message 'CreateForm and its behaviors do not have a method or closure named "getDbCriteria".' in C:\wamp\www\yii\framework\base\CComponent.php:266
Stack trace:
#0 C:\wamp\www\yii\framework\web\CActiveDataProvider.php(225): CComponent->__call('getDbCriteria', Array)
#1 C:\wamp\www\yii\framework\web\CActiveDataProvider.php(225): CreateForm->getDbCriteria(false)
#2 C:\wamp\www\yii\framework\web\CDataProvider.php(224): CActiveDataProvider->calculateTotalItemCount()
#3 C:\wamp\www\yii\framework\web\CActiveDataProvider.php(178): CDataProvider->getTotalItemCount()
#4 C:\wamp\www\yii\framework\web\CDataProvider.php(168): CActiveDataProvider->fetchData()
#5 C:\wamp\www\yii\framework\zii\widgets\CBaseListView.php(111): CDataProvider->getData()
#6 C:\wamp\www\yii\framework\zii\widgets\CListView.php(211): CBaseListView->init()
#7 C:\wamp\www\yii\framework\web\CBaseController.php(147): CListView->init()
#8 C:\wamp\www\yii\framework\web\CBaseController.php(172): CBaseController->createWidget('zii.widgets.CLi...', Array)
#9 C:\wamp\www\Demo_001\protected\views\pagemanagement\index.php(20): CBaseController->widget('zii.widgets.CLi...', Array)
#10 C:\wamp\www\yii\framework\web\CBaseController.php(126): require('C:\wamp\www\Dem...')
#11 C:\wamp\www\yii\framework\web\CBaseController.php(95): CBaseController->renderInternal('C:\wamp\www\Dem...', Array, true)
#12 C:\wamp\www\yii\framework\web\CController.php(869): CBaseController->renderFile('C:\wamp\www\Dem...', Array, true)
#13 C:\wamp\www\yii\framework\web\CController.php(782): CController->renderPartial('index', Array, true)
#14 C:\wamp\www\Demo_001\protected\controllers\PagemanagementController.php(130): CController->render('index', Array)
#15 C:\wamp\www\yii\framework\web\actions\CInlineAction.php(49): PagemanagementController->actionIndex()
#16 C:\wamp\www\yii\framework\web\CController.php(308): CInlineAction->runWithParams(Array)
#17 C:\wamp\www\yii\framework\web\filters\CFilterChain.php(133): CController->runAction(Object(CInlineAction))
#18 C:\wamp\www\yii\framework\web\filters\CFilter.php(40): CFilterChain->run()
#19 C:\wamp\www\yii\framework\web\CController.php(1145): CFilter->filter(Object(CFilterChain))
#20 C:\wamp\www\yii\framework\web\filters\CInlineFilter.php(58): CController->filterAccessControl(Object(CFilterChain))
#21 C:\wamp\www\yii\framework\web\filters\CFilterChain.php(130): CInlineFilter->filter(Object(CFilterChain))
#22 C:\wamp\www\yii\framework\web\CController.php(291): CFilterChain->run()
#23 C:\wamp\www\yii\framework\web\CController.php(265): CController->runActionWithFilters(Object(CInlineAction), Array)
#24 C:\wamp\www\yii\framework\web\CWebApplication.php(282): CController->run('index')
#25 C:\wamp\www\yii\framework\web\CWebApplication.php(141): CWebApplication->runController('pagemanagement/...')
#26 C:\wamp\www\yii\framework\base\CApplication.php(180): CWebApplication->processRequest()
#27 C:\wamp\www\Demo_001\index.php(13): CApplication->run()
#28 {main}
REQUEST_URI=/Demo_001/index.php?r=pagemanagement/index
HTTP_REFERER=http://localhost/Demo_001/index.php
---
2013/11/15 07:04:44 [error] [exception.CDbException] exception 'CDbException' with message 'The table "tbl_page" for active record class "CreateForm" cannot be found in the database.' in C:\wamp\www\yii\framework\db\ar\CActiveRecord.php:2362
Stack trace:
#0 C:\wamp\www\yii\framework\db\ar\CActiveRecord.php(411): CActiveRecordMetaData->__construct(Object(CreateForm))
#1 C:\wamp\www\yii\framework\db\ar\CActiveRecord.php(658): CActiveRecord->getMetaData()
#2 C:\wamp\www\yii\framework\db\ar\CActiveRecord.php(1601): CActiveRecord->getTableSchema()
#3 C:\wamp\www\yii\framework\web\CActiveDataProvider.php(228): CActiveRecord->count(Object(CDbCriteria))
#4 C:\wamp\www\yii\framework\web\CDataProvider.php(224): CActiveDataProvider->calculateTotalItemCount()
#5 C:\wamp\www\yii\framework\web\CActiveDataProvider.php(178): CDataProvider->getTotalItemCount()
#6 C:\wamp\www\yii\framework\web\CDataProvider.php(168): CActiveDataProvider->fetchData()
#7 C:\wamp\www\yii\framework\zii\widgets\CBaseListView.php(111): CDataProvider->getData()
#8 C:\wamp\www\yii\framework\zii\widgets\CListView.php(211): CBaseListView->init()
#9 C:\wamp\www\yii\framework\web\CBaseController.php(147): CListView->init()
#10 C:\wamp\www\yii\framework\web\CBaseController.php(172): CBaseController->createWidget('zii.widgets.CLi...', Array)
#11 C:\wamp\www\Demo_001\protected\views\pagemanagement\index.php(20): CBaseController->widget('zii.widgets.CLi...', Array)
#12 C:\wamp\www\yii\framework\web\CBaseController.php(126): require('C:\wamp\www\Dem...')
#13 C:\wamp\www\yii\framework\web\CBaseController.php(95): CBaseController->renderInternal('C:\wamp\www\Dem...', Array, true)
#14 C:\wamp\www\yii\framework\web\CController.php(869): CBaseController->renderFile('C:\wamp\www\Dem...', Array, true)
#15 C:\wamp\www\yii\framework\web\CController.php(782): CController->renderPartial('index', Array, true)
#16 C:\wamp\www\Demo_001\protected\controllers\PagemanagementController.php(130): CController->render('index', Array)
#17 C:\wamp\www\yii\framework\web\actions\CInlineAction.php(49): PagemanagementController->actionIndex()
#18 C:\wamp\www\yii\framework\web\CController.php(308): CInlineAction->runWithParams(Array)
#19 C:\wamp\www\yii\framework\web\filters\CFilterChain.php(133): CController->runAction(Object(CInlineAction))
#20 C:\wamp\www\yii\framework\web\filters\CFilter.php(40): CFilterChain->run()
#21 C:\wamp\www\yii\framework\web\CController.php(1145): CFilter->filter(Object(CFilterChain))
#22 C:\wamp\www\yii\framework\web\filters\CInlineFilter.php(58): CController->filterAccessControl(Object(CFilterChain))
#23 C:\wamp\www\yii\framework\web\filters\CFilterChain.php(130): CInlineFilter->filter(Object(CFilterChain))
#24 C:\wamp\www\yii\framework\web\CController.php(291): CFilterChain->run()
#25 C:\wamp\www\yii\framework\web\CController.php(265): CController->runActionWithFilters(Object(CInlineAction), Array)
#26 C:\wamp\www\yii\framework\web\CWebApplication.php(282): CController->run('index')
#27 C:\wamp\www\yii\framework\web\CWebApplication.php(141): CWebApplication->runController('pagemanagement/...')
#28 C:\wamp\www\yii\framework\base\CApplication.php(180): CWebApplication->processRequest()
#29 C:\wamp\www\Demo_001\index.php(13): CApplication->run()
#30 {main}
REQUEST_URI=/Demo_001/index.php?r=pagemanagement/index
HTTP_REFERER=http://localhost/Demo_001/index.php
---
2013/11/15 07:37:45 [warning] [application] Failed to set unsafe attribute "id" of "CreateForm".
in C:\wamp\www\Demo_001\protected\controllers\PagemanagementController.php (141)
in C:\wamp\www\Demo_001\index.php (13)
2013/11/15 07:37:46 [warning] [application] Failed to set unsafe attribute "id" of "CreateForm".
in C:\wamp\www\Demo_001\protected\controllers\PagemanagementController.php (141)
in C:\wamp\www\Demo_001\index.php (13)
2013/11/15 07:37:47 [warning] [application] Failed to set unsafe attribute "id" of "CreateForm".
in C:\wamp\www\Demo_001\protected\controllers\PagemanagementController.php (141)
in C:\wamp\www\Demo_001\index.php (13)
2013/11/15 07:38:52 [warning] [application] Failed to set unsafe attribute "id" of "CreateForm".
in C:\wamp\www\Demo_001\protected\controllers\PagemanagementController.php (141)
in C:\wamp\www\Demo_001\index.php (13)
2013/11/15 07:38:54 [warning] [application] Failed to set unsafe attribute "id" of "CreateForm".
in C:\wamp\www\Demo_001\protected\controllers\PagemanagementController.php (141)
in C:\wamp\www\Demo_001\index.php (13)
2013/11/15 07:45:48 [warning] [application] Failed to set unsafe attribute "id" of "CreateForm".
in C:\wamp\www\Demo_001\protected\controllers\PagemanagementController.php (141)
in C:\wamp\www\Demo_001\index.php (13)
2013/11/15 07:45:50 [warning] [application] Failed to set unsafe attribute "id" of "CreateForm".
in C:\wamp\www\Demo_001\protected\controllers\PagemanagementController.php (141)
in C:\wamp\www\Demo_001\index.php (13)
2013/11/15 07:45:55 [warning] [application] Failed to set unsafe attribute "id" of "CreateForm".
in C:\wamp\www\Demo_001\protected\controllers\PagemanagementController.php (141)
in C:\wamp\www\Demo_001\index.php (13)
2013/11/15 07:45:55 [warning] [application] Failed to set unsafe attribute "id" of "CreateForm".
in C:\wamp\www\Demo_001\protected\controllers\PagemanagementController.php (141)
in C:\wamp\www\Demo_001\index.php (13)
2013/11/15 07:45:56 [warning] [application] Failed to set unsafe attribute "id" of "CreateForm".
in C:\wamp\www\Demo_001\protected\controllers\PagemanagementController.php (141)
in C:\wamp\www\Demo_001\index.php (13)
2013/11/15 07:45:56 [warning] [application] Failed to set unsafe attribute "id" of "CreateForm".
in C:\wamp\www\Demo_001\protected\controllers\PagemanagementController.php (141)
in C:\wamp\www\Demo_001\index.php (13)
2013/11/15 07:45:56 [warning] [application] Failed to set unsafe attribute "id" of "CreateForm".
in C:\wamp\www\Demo_001\protected\controllers\PagemanagementController.php (141)
in C:\wamp\www\Demo_001\index.php (13)
2013/11/15 07:45:56 [warning] [application] Failed to set unsafe attribute "id" of "CreateForm".
in C:\wamp\www\Demo_001\protected\controllers\PagemanagementController.php (141)
in C:\wamp\www\Demo_001\index.php (13)
2013/11/15 07:46:14 [warning] [application] Failed to set unsafe attribute "id" of "CreateForm".
in C:\wamp\www\Demo_001\protected\controllers\PagemanagementController.php (141)
in C:\wamp\www\Demo_001\index.php (13)
2013/11/15 07:46:27 [warning] [application] Failed to set unsafe attribute "id" of "CreateForm".
in C:\wamp\www\Demo_001\protected\controllers\PagemanagementController.php (141)
in C:\wamp\www\Demo_001\index.php (13)
2013/11/15 07:46:40 [warning] [application] Failed to set unsafe attribute "id" of "CreateForm".
in C:\wamp\www\Demo_001\protected\controllers\PagemanagementController.php (141)
in C:\wamp\www\Demo_001\index.php (13)
2013/11/15 07:46:43 [warning] [application] Failed to set unsafe attribute "id" of "CreateForm".
in C:\wamp\www\Demo_001\protected\controllers\PagemanagementController.php (141)
in C:\wamp\www\Demo_001\index.php (13)
2013/11/15 07:46:51 [warning] [application] Failed to set unsafe attribute "id" of "CreateForm".
in C:\wamp\www\Demo_001\protected\controllers\PagemanagementController.php (141)
in C:\wamp\www\Demo_001\index.php (13)
2013/11/15 07:46:54 [warning] [application] Failed to set unsafe attribute "id" of "CreateForm".
in C:\wamp\www\Demo_001\protected\controllers\PagemanagementController.php (141)
in C:\wamp\www\Demo_001\index.php (13)
2013/11/15 07:47:04 [warning] [application] Failed to set unsafe attribute "id" of "CreateForm".
in C:\wamp\www\Demo_001\protected\controllers\PagemanagementController.php (141)
in C:\wamp\www\Demo_001\index.php (13)
2013/11/15 07:47:05 [warning] [application] Failed to set unsafe attribute "id" of "CreateForm".
in C:\wamp\www\Demo_001\protected\controllers\PagemanagementController.php (141)
in C:\wamp\www\Demo_001\index.php (13)
2013/11/15 07:47:06 [warning] [application] Failed to set unsafe attribute "id" of "CreateForm".
in C:\wamp\www\Demo_001\protected\controllers\PagemanagementController.php (141)
in C:\wamp\www\Demo_001\index.php (13)
2013/11/15 07:47:06 [warning] [application] Failed to set unsafe attribute "id" of "CreateForm".
in C:\wamp\www\Demo_001\protected\controllers\PagemanagementController.php (141)
in C:\wamp\www\Demo_001\index.php (13)
2013/11/15 07:48:21 [warning] [application] Failed to set unsafe attribute "id" of "CreateForm".
in C:\wamp\www\Demo_001\protected\controllers\PagemanagementController.php (141)
in C:\wamp\www\Demo_001\index.php (13)
2013/11/15 07:48:22 [warning] [application] Failed to set unsafe attribute "id" of "CreateForm".
in C:\wamp\www\Demo_001\protected\controllers\PagemanagementController.php (141)
in C:\wamp\www\Demo_001\index.php (13)
2013/11/15 07:48:25 [warning] [application] Failed to set unsafe attribute "id" of "CreateForm".
in C:\wamp\www\Demo_001\protected\controllers\PagemanagementController.php (141)
in C:\wamp\www\Demo_001\index.php (13)
2013/11/15 07:48:25 [warning] [application] Failed to set unsafe attribute "id" of "CreateForm".
in C:\wamp\www\Demo_001\protected\controllers\PagemanagementController.php (141)
in C:\wamp\www\Demo_001\index.php (13)
2013/11/15 07:48:26 [warning] [application] Failed to set unsafe attribute "id" of "CreateForm".
in C:\wamp\www\Demo_001\protected\controllers\PagemanagementController.php (141)
in C:\wamp\www\Demo_001\index.php (13)
2013/11/15 07:58:25 [warning] [application] Failed to set unsafe attribute "id" of "CreateForm".
in C:\wamp\www\Demo_001\protected\controllers\PagemanagementController.php (141)
in C:\wamp\www\Demo_001\index.php (13)
2013/11/15 07:58:26 [warning] [application] Failed to set unsafe attribute "id" of "CreateForm".
in C:\wamp\www\Demo_001\protected\controllers\PagemanagementController.php (141)
in C:\wamp\www\Demo_001\index.php (13)
2013/11/15 07:58:26 [warning] [application] Failed to set unsafe attribute "id" of "CreateForm".
in C:\wamp\www\Demo_001\protected\controllers\PagemanagementController.php (141)
in C:\wamp\www\Demo_001\index.php (13)
2013/11/15 07:58:26 [warning] [application] Failed to set unsafe attribute "id" of "CreateForm".
in C:\wamp\www\Demo_001\protected\controllers\PagemanagementController.php (141)
in C:\wamp\www\Demo_001\index.php (13)
2013/11/15 07:58:26 [warning] [application] Failed to set unsafe attribute "id" of "CreateForm".
in C:\wamp\www\Demo_001\protected\controllers\PagemanagementController.php (141)
in C:\wamp\www\Demo_001\index.php (13)
2013/11/15 07:58:31 [warning] [application] Failed to set unsafe attribute "id" of "CreateForm".
in C:\wamp\www\Demo_001\protected\controllers\PagemanagementController.php (141)
in C:\wamp\www\Demo_001\index.php (13)
2013/11/15 08:06:16 [error] [php] Invalid argument supplied for foreach() (C:\wamp\www\Demo_001\protected\controllers\PagemanagementController.php:130)
Stack trace:
#0 C:\wamp\www\yii\framework\web\filters\CFilterChain.php(133): PagemanagementController->runAction()
#1 C:\wamp\www\yii\framework\web\filters\CFilter.php(40): CFilterChain->run()
#2 C:\wamp\www\yii\framework\web\CController.php(1145): CAccessControlFilter->filter()
#3 C:\wamp\www\yii\framework\web\filters\CInlineFilter.php(58): PagemanagementController->filterAccessControl()
#4 C:\wamp\www\yii\framework\web\filters\CFilterChain.php(130): CInlineFilter->filter()
#5 C:\wamp\www\yii\framework\web\CController.php(291): CFilterChain->run()
#6 C:\wamp\www\yii\framework\web\CController.php(265): PagemanagementController->runActionWithFilters()
#7 C:\wamp\www\yii\framework\web\CWebApplication.php(282): PagemanagementController->run()
#8 C:\wamp\www\yii\framework\web\CWebApplication.php(141): CWebApplication->runController()
#9 C:\wamp\www\yii\framework\base\CApplication.php(180): CWebApplication->processRequest()
#10 C:\wamp\www\Demo_001\index.php(13): CWebApplication->run()
REQUEST_URI=/Demo_001/index.php?r=pagemanagement/index
in C:\wamp\www\Demo_001\protected\controllers\PagemanagementController.php (130)
in C:\wamp\www\Demo_001\index.php (13)
